<?xml version="1.0" encoding="UTF-8"?>
<testng-results ignored="3" total="4" passed="1" failed="0" skipped="0">
  <reporter-output>
  </reporter-output>
  <suite started-at="2022-08-06T16:03:03 IST" name="Default suite" finished-at="2022-08-06T16:03:03 IST" duration-ms="923">
    <groups>
    </groups>
    <test started-at="2022-08-06T16:03:03 IST" name="Default test" finished-at="2022-08-06T16:03:03 IST" duration-ms="923">
      <class name="com.bridzelabz.QA_DB.Db_Test">
        <test-method is-config="true" signature="setUp()[pri:0, instance:com.bridzelabz.QA_DB.Db_Test@1b1473ab]" started-at="2022-08-06T16:03:03 IST" name="setUp" finished-at="2022-08-06T16:03:03 IST" duration-ms="683" status="PASS">
          <reporter-output>
          </reporter-output>
        </test-method> <!-- setUp -->
        <test-method signature="updateData()[pri:0, instance:com.bridzelabz.QA_DB.Db_Test@1b1473ab]" started-at="2022-08-06T16:03:03 IST" name="updateData" finished-at="2022-08-06T16:03:03 IST" duration-ms="188" status="PASS">
          <reporter-output>
          </reporter-output>
        </test-method> <!-- updateData -->
        <test-method is-config="true" signature="tearDown()[pri:0, instance:com.bridzelabz.QA_DB.Db_Test@1b1473ab]" started-at="2022-08-06T16:03:03 IST" name="tearDown" finished-at="2022-08-06T16:03:03 IST" duration-ms="2" status="PASS">
          <reporter-output>
          </reporter-output>
        </test-method> <!-- tearDown -->
      </class> <!-- com.bridzelabz.QA_DB.Db_Test -->
    </test> <!-- Default test -->
  </suite> <!-- Default suite -->
</testng-results>
